2020-04-26 22:23:44,866  pack.GUI  INFO  - Number of devices: 1
2020-04-26 22:23:49,797  pack.GUI  INFO  - The REF num is :
2020-04-26 22:23:49,797  pack.GUI  INFO  - The DUT Serial num is :a120c6c1
2020-04-26 22:23:49,798  pack.GUI  INFO  - The REF Serial num is :
2020-04-26 22:23:49,798  pack.GUI  INFO  - The iteration count is :1
2020-04-26 22:23:49,798  pack.GUI  INFO  - The duration time is :60
2020-04-26 22:23:49,798  pack.GUI  INFO  - The Gap between the calls : 10
2020-04-26 22:24:04,767  pack.GUI  INFO  - The REF num is :9611270506
2020-04-26 22:24:04,767  pack.GUI  INFO  - The DUT Serial num is :a120c6c1
2020-04-26 22:24:04,768  pack.GUI  INFO  - The REF Serial num is :
2020-04-26 22:24:04,768  pack.GUI  INFO  - The iteration count is :1
2020-04-26 22:24:04,769  pack.GUI  INFO  - The duration time is :60
2020-04-26 22:24:04,770  pack.GUI  INFO  - The Gap between the calls : 10
2020-04-26 22:24:10,936  pack.GUI  INFO  - The REF num is :9611270506
2020-04-26 22:24:10,936  pack.GUI  INFO  - The DUT Serial num is :a120c6c1
2020-04-26 22:24:10,937  pack.GUI  INFO  - The REF Serial num is :
2020-04-26 22:24:10,937  pack.GUI  INFO  - The iteration count is :1
2020-04-26 22:24:10,937  pack.GUI  INFO  - The duration time is :60
2020-04-26 22:24:10,937  pack.GUI  INFO  - The Gap between the calls : 10
2020-04-26 22:24:10,944  pack.TC1_MoCallTest  INFO  - Output Directory Created
2020-04-26 22:25:36,745  pack.TC1_MoCallTest  INFO  - Call established around 65 seconds
2020-04-26 22:25:56,083  pack.TC1_MoCallTest  INFO  - 10 seconds break for the next call
2020-04-26 22:25:56,083  pack.GUI  INFO  - ***************************tc1 executed***************************
